<?xml version="1.0" encoding="UTF-8"?>
<!-- Generated by org.testng.reporters.JUnitReportReporter -->
<testsuite hostname="DESKTOP-5HG6SLB" failures="0" tests="1" name="rahulshettyacademy.MobileBrowserTest" time="8.722" errors="0" timestamp="2024-07-23T12:00:29 EDT" skipped="0">
  <testcase classname="rahulshettyacademy.MobileBrowserTest" name="browserTest" time="8.722"/>
</testsuite> <!-- rahulshettyacademy.MobileBrowserTest -->
