<?xml version="1.0" encoding="UTF-8"?>
<!-- Generated by org.testng.reporters.JUnitReportReporter -->
<testsuite hostname="DESKTOP-5HG6SLB" failures="0" tests="1" name="rahulshettyacademy.eCommerce_tc_4" time="52.585" errors="0" timestamp="2024-07-23T10:18:41 EDT" skipped="0">
  <testcase classname="rahulshettyacademy.eCommerce_tc_4" name="fillFormTest" time="52.585"/>
</testsuite> <!-- rahulshettyacademy.eCommerce_tc_4 -->
