<?xml version="1.0" encoding="UTF-8"?>
<!-- Generated by org.testng.reporters.JUnitReportReporter -->
<testsuite hostname="Michaels-Mac-mini.local" failures="0" tests="1" name="rahulshettyacademy.AppiumBasics" time="16.617" errors="0" timestamp="2024-07-27T13:24:08 EDT" skipped="0">
  <testcase classname="rahulshettyacademy.AppiumBasics" name="appiumWifiSettingsNameTest" time="16.617"/>
</testsuite> <!-- rahulshettyacademy.AppiumBasics -->
