<?xml version="1.0" encoding="UTF-8"?>
<!-- Generated by org.testng.reporters.JUnitReportReporter -->
<testsuite hostname="DESKTOP-5HG6SLB" failures="0" tests="1" name="rahulshettyacademy.eCommerce_tc_1" time="16.238" errors="0" timestamp="2024-07-22T15:00:28 EDT" skipped="0">
  <testcase classname="rahulshettyacademy.eCommerce_tc_1" name="fillFormTest" time="16.238"/>
</testsuite> <!-- rahulshettyacademy.eCommerce_tc_1 -->
