<?xml version="1.0" encoding="UTF-8"?>
<!-- Generated by org.testng.reporters.JUnitReportReporter -->
<testsuite hostname="DESKTOP-5HG6SLB" failures="0" tests="1" name="rahulshettyacademy.AppiumBasics" time="12.888" errors="0" timestamp="2024-07-19T17:59:14 EDT" skipped="0">
  <testcase classname="rahulshettyacademy.AppiumBasics" name="appiumWifiSettingsNameTest" time="12.888"/>
</testsuite> <!-- rahulshettyacademy.AppiumBasics -->
