<?xml version="1.0" encoding="UTF-8"?>
<!-- Generated by org.testng.reporters.JUnitReportReporter -->
<testsuite hostname="DESKTOP-5HG6SLB" failures="0" tests="1" name="rahulshettyacademy.ScrollDemo" time="12.138" errors="0" timestamp="2024-07-20T22:19:20 EDT" skipped="0">
  <testcase classname="rahulshettyacademy.ScrollDemo" name="scrollDemoTest" time="12.138"/>
</testsuite> <!-- rahulshettyacademy.ScrollDemo -->
