<?xml version="1.0" encoding="UTF-8"?>
<!-- Generated by org.testng.reporters.JUnitReportReporter -->
<testsuite hostname="Michaels-Mac-mini.local" failures="0" tests="1" name="rahulshettyacademy.IOSBasics" time="5.111" errors="0" timestamp="2024-07-27T00:11:34 EDT" skipped="0">
  <testcase classname="rahulshettyacademy.IOSBasics" name="iOSBasicsTest" time="5.111"/>
</testsuite> <!-- rahulshettyacademy.IOSBasics -->
