<?xml version="1.0" encoding="UTF-8"?>
<!-- Generated by org.testng.reporters.JUnitReportReporter -->
<testsuite hostname="DESKTOP-5HG6SLB" failures="0" tests="1" name="rahulshettyacademy.eCommerce_tc_3" time="36.056" errors="0" timestamp="2024-07-23T09:25:27 EDT" skipped="0">
  <testcase classname="rahulshettyacademy.eCommerce_tc_3" name="fillFormTest" time="36.056"/>
</testsuite> <!-- rahulshettyacademy.eCommerce_tc_3 -->
