<?xml version="1.0" encoding="UTF-8"?>
<!-- Generated by org.testng.reporters.JUnitReportReporter -->
<testsuite hostname="DESKTOP-5HG6SLB" failures="0" tests="1" name="rahulshettyacademy.MiscellaneousAppiumActions2" time="12.378" errors="0" timestamp="2024-07-21T16:00:06 EDT" skipped="0">
  <testcase classname="rahulshettyacademy.MiscellaneousAppiumActions2" name="miscellaneousTest" time="12.378"/>
</testsuite> <!-- rahulshettyacademy.MiscellaneousAppiumActions2 -->
