<?xml version="1.0" encoding="UTF-8"?>
<!-- Generated by org.testng.reporters.JUnitReportReporter -->
<testsuite hostname="DESKTOP-5HG6SLB" failures="0" tests="1" name="rahulshettyacademy.SwipeDemo" time="7.385" errors="0" timestamp="2024-07-19T22:27:02 EDT" skipped="0">
  <testcase classname="rahulshettyacademy.SwipeDemo" name="swipeDemoTest" time="7.385"/>
</testsuite> <!-- rahulshettyacademy.SwipeDemo -->
