<?xml version="1.0" encoding="UTF-8"?>
<!-- Generated by org.testng.reporters.JUnitReportReporter -->
<testsuite hostname="DESKTOP-5HG6SLB" failures="0" tests="1" name="rahulshettyacademy.eCommerce_tc_2" time="16.975" errors="0" timestamp="2024-07-22T19:12:07 EDT" skipped="0">
  <testcase classname="rahulshettyacademy.eCommerce_tc_2" name="fillFormTest" time="16.975"/>
</testsuite> <!-- rahulshettyacademy.eCommerce_tc_2 -->
