<?xml version="1.0" encoding="UTF-8"?>
<!-- Generated by org.testng.reporters.JUnitReportReporter -->
<testsuite hostname="DESKTOP-5HG6SLB" failures="0" tests="1" name="rahulshettyacademy.MiscellaneousAppiumActions" time="12.895" errors="0" timestamp="2024-07-21T16:03:42 EDT" skipped="0">
  <testcase classname="rahulshettyacademy.MiscellaneousAppiumActions" name="miscellaneousTest" time="12.895"/>
</testsuite> <!-- rahulshettyacademy.MiscellaneousAppiumActions -->
