<?xml version="1.0" encoding="UTF-8"?>
<!-- Generated by org.testng.reporters.JUnitReportReporter -->
<testsuite hostname="Michaels-Mac-mini.local" failures="0" tests="1" name="rahulshettyacademy.IOSScrollTest" time="5.712" errors="0" timestamp="2024-07-26T09:26:22 EDT" skipped="0">
  <testcase classname="rahulshettyacademy.IOSScrollTest" name="iOSScrollTest" time="5.712"/>
</testsuite> <!-- rahulshettyacademy.IOSScrollTest -->
