<?xml version="1.0" encoding="UTF-8"?>
<!-- Generated by org.testng.reporters.JUnitReportReporter -->
<testsuite hostname="Michaels-Mac-mini.local" failures="0" tests="1" name="rahulshettyacademy.IOSSwipeTest" time="6.860" errors="0" timestamp="2024-07-26T12:14:05 EDT" skipped="0">
  <testcase classname="rahulshettyacademy.IOSSwipeTest" name="iosSwipeTest" time="6.860"/>
</testsuite> <!-- rahulshettyacademy.IOSSwipeTest -->
