<?xml version="1.0" encoding="UTF-8"?>
<!-- Generated by org.testng.reporters.JUnitReportReporter -->
<testsuite hostname="DESKTOP-5HG6SLB" failures="0" tests="1" name="rahulshettyacademy.DragDropDemo" time="9.671" errors="0" timestamp="2024-07-19T20:58:59 EDT" skipped="0">
  <testcase classname="rahulshettyacademy.DragDropDemo" name="dragDropDemoTest" time="9.671"/>
</testsuite> <!-- rahulshettyacademy.DragDropDemo -->
