<?xml version="1.0" encoding="UTF-8"?>
<!-- Generated by org.testng.reporters.JUnitReportReporter -->
<testsuite hostname="Michaels-Mac-mini.local" failures="0" tests="2" name="org.rahulshettyacademy.eCommerce_tc_4_JSON_DF" time="47.697" errors="0" timestamp="2024-07-28T01:07:20 EDT" skipped="0">
  <testcase classname="org.rahulshettyacademy.eCommerce_tc_4_JSON_DF" name="fillFormTest" time="17.122"/>
  <testcase classname="org.rahulshettyacademy.eCommerce_tc_4_JSON_DF" name="fillFormTest" time="30.575"/>
</testsuite> <!-- org.rahulshettyacademy.eCommerce_tc_4_JSON_DF -->
