<?xml version="1.0" encoding="UTF-8"?>
<!-- Generated by org.testng.reporters.JUnitReportReporter -->
<testsuite hostname="Michaels-Mac-mini.local" failures="0" tests="2" name="org.rahulshettyacademy.eCommerce_tc_5" time="49.059" errors="0" timestamp="2024-07-28T00:36:34 EDT" skipped="0">
  <testcase classname="org.rahulshettyacademy.eCommerce_tc_5" name="fillFormTest" time="30.699"/>
  <testcase classname="org.rahulshettyacademy.eCommerce_tc_5" name="fillFormTest" time="18.360"/>
</testsuite> <!-- org.rahulshettyacademy.eCommerce_tc_5 -->
