<?xml version="1.0" encoding="UTF-8"?>
<!-- Generated by org.testng.reporters.JUnitReportReporter -->
<testsuite hostname="Michaels-Mac-mini.local" failures="0" tests="2" name="org.rahulshettyacademy.eCommerce_tc_1" time="26.548" errors="0" timestamp="2024-07-27T23:03:20 EDT" skipped="0">
  <testcase classname="org.rahulshettyacademy.eCommerce_tc_1" name="fillFormPositiveFlowTest" time="23.097"/>
  <testcase classname="org.rahulshettyacademy.eCommerce_tc_1" name="fillFormErrorValidationTest" time="3.451"/>
</testsuite> <!-- org.rahulshettyacademy.eCommerce_tc_1 -->
