<?xml version="1.0" encoding="UTF-8"?>
<!-- Generated by org.testng.reporters.JUnitReportReporter -->
<testsuite hostname="Michaels-Mac-mini.local" failures="0" tests="1" name="org.rahulshettyacademy.eCommerce_tc_4_my" time="68.418" errors="0" timestamp="2024-07-28T19:42:14 EDT" skipped="0">
  <testcase classname="org.rahulshettyacademy.eCommerce_tc_4_my" name="fillFormTest" time="68.418"/>
</testsuite> <!-- org.rahulshettyacademy.eCommerce_tc_4_my -->
