<?xml version="1.0" encoding="UTF-8"?>
<!-- Generated by org.testng.reporters.JUnitReportReporter -->
<testsuite hostname="Michaels-Mac-mini.local" failures="0" tests="1" name="org.rahulshettyacademy.eCommerce_tc_6" time="18.032" errors="0" timestamp="2024-07-28T00:39:31 EDT" skipped="0">
  <testcase classname="org.rahulshettyacademy.eCommerce_tc_6" name="fillFormTest" time="18.032"/>
</testsuite> <!-- org.rahulshettyacademy.eCommerce_tc_6 -->
