<?xml version="1.0" encoding="UTF-8"?>
<!-- Generated by org.testng.reporters.JUnitReportReporter -->
<testsuite hostname="Michaels-Mac-mini.local" failures="0" tests="1" name="org.rahulshettyacademy.IOSBasics" time="5.147" errors="0" timestamp="2024-07-30T08:09:33 EDT" skipped="0">
  <testcase classname="org.rahulshettyacademy.IOSBasics" name="iOSBasicsTest" time="5.147"/>
</testsuite> <!-- org.rahulshettyacademy.IOSBasics -->
