<?xml version="1.0" encoding="UTF-8"?>
<!-- Generated by org.testng.reporters.JUnitReportReporter -->
<testsuite hostname="Michaels-Mac-mini.local" failures="0" tests="2" name="org.rahulshettyacademy.eCommerce_tc_4_local_DF" time="41.930" errors="0" timestamp="2024-07-28T11:09:06 EDT" skipped="0">
  <testcase classname="org.rahulshettyacademy.eCommerce_tc_4_local_DF" name="fillFormTest" time="25.861"/>
  <testcase classname="org.rahulshettyacademy.eCommerce_tc_4_local_DF" name="fillFormTest" time="16.069"/>
</testsuite> <!-- org.rahulshettyacademy.eCommerce_tc_4_local_DF -->
