<?xml version="1.0" encoding="UTF-8"?>
<!-- Generated by org.testng.reporters.JUnitReportReporter -->
<testsuite hostname="Michaels-Mac-mini.local" failures="0" tests="2" name="org.rahulshettyacademy.eCommerce_tc_4" time="41.748" errors="0" timestamp="2024-07-28T00:35:18 EDT" skipped="0">
  <testcase classname="org.rahulshettyacademy.eCommerce_tc_4" name="fillFormTest" time="25.577"/>
  <testcase classname="org.rahulshettyacademy.eCommerce_tc_4" name="fillFormTest" time="16.171"/>
</testsuite> <!-- org.rahulshettyacademy.eCommerce_tc_4 -->
